app/build/intermediates/manifest_merge_blame_file/debug/manifest-merger-blame-debug-report.txt
1<?xml version="1.0" encoding="utf-8"?>
2<manifest xmlns:android="http://schemas.android.com/apk/res/android"
3    package="com.example.cobarecyccle"
4    android:versionCode="1"
5    android:versionName="1.0" >
6
7    <uses-sdk
8        android:minSdkVersion="27"
8-->src/main/AndroidManifest.xml
9        android:targetSdkVersion="29" />
9-->src/main/AndroidManifest.xml
10    <!--
11         The ACCESS_COARSE/FINE_LOCATION permissions are not required to use
12         Google Maps Android API v2, but you must specify either coarse or fine
13         location permissions for the 'MyLocation' functionality.
14    -->
15    <uses-permission android:name="android.permission.ACCESS_FINE_LOCATION" />
15-->src/main/AndroidManifest.xml:9:5-79
15-->src/main/AndroidManifest.xml:9:22-76
16    <uses-permission android:name="android.permission.ACCESS_COARSE_LOCATION" />
16-->src/main/AndroidManifest.xml:10:5-81
16-->src/main/AndroidManifest.xml:10:22-78
17    <uses-permission android:name="android.permission.CALL_PHONE" />
17-->src/main/AndroidManifest.xml:11:5-69
17-->src/main/AndroidManifest.xml:11:22-66
18    <uses-permission android:name="android.permission.INTERNET" />
18-->src/main/AndroidManifest.xml:12:5-67
18-->src/main/AndroidManifest.xml:12:22-64
19
20    <!-- Include required permissions for Google Maps API to run. -->
21    <uses-permission android:name="android.permission.ACCESS_NETWORK_STATE" />
21-->[com.google.android.gms:play-services-maps:17.0.0] AndroidManifest.xml:23:5-79
21-->[com.google.android.gms:play-services-maps:17.0.0] AndroidManifest.xml:23:22-76
22
23    <uses-feature
23-->[com.google.android.gms:play-services-maps:17.0.0] AndroidManifest.xml:26:5-28:35
24        android:glEsVersion="0x00020000"
24-->[com.google.android.gms:play-services-maps:17.0.0] AndroidManifest.xml:27:9-41
25        android:required="true" />
25-->[com.google.android.gms:play-services-maps:17.0.0] AndroidManifest.xml:28:9-32
26
27    <application
27-->src/main/AndroidManifest.xml:14:5-54:19
28        android:allowBackup="true"
28-->src/main/AndroidManifest.xml:15:9-35
29        android:appComponentFactory="androidx.core.app.CoreComponentFactory"
29-->[androidx.core:core:1.0.1] AndroidManifest.xml:22:18-86
30        android:debuggable="true"
31        android:icon="@drawable/logo_app"
31-->src/main/AndroidManifest.xml:16:9-42
32        android:label="@string/app_name"
32-->src/main/AndroidManifest.xml:17:9-41
33        android:roundIcon="@drawable/logo_app"
33-->src/main/AndroidManifest.xml:18:9-47
34        android:supportsRtl="true"
34-->src/main/AndroidManifest.xml:19:9-35
35        android:testOnly="true"
36        android:theme="@style/Theme.AppCompat.Light.NoActionBar" >
36-->src/main/AndroidManifest.xml:20:9-65
37        <activity android:name="com.example.cobarecyccle.gejala" />
37-->src/main/AndroidManifest.xml:21:9-53
37-->src/main/AndroidManifest.xml:21:19-41
38        <!--
39             The API key for Google Maps-based APIs is defined as a string resource.
40             (See the file "res/values/google_maps_api.xml").
41             Note that the API key is linked to the encryption key used to sign the APK.
42             You need a different API key for each encryption key, including the release key that is used to
43             sign the APK for publishing.
44             You can define the keys for the debug and release targets in src/debug/ and src/release/.
45        -->
46        <meta-data
46-->src/main/AndroidManifest.xml:30:9-32:55
47            android:name="com.google.android.geo.API_KEY"
47-->src/main/AndroidManifest.xml:31:13-58
48            android:value="@string/google_maps_key" />
48-->src/main/AndroidManifest.xml:32:13-52
49        <meta-data
49-->src/main/AndroidManifest.xml:33:9-35:69
50            android:name="com.google.android.gms.version"
50-->src/main/AndroidManifest.xml:34:13-58
51            android:value="@integer/google_play_services_version" />
51-->src/main/AndroidManifest.xml:35:13-66
52
53        <activity android:name="com.example.cobarecyccle.Hospitals" />
53-->src/main/AndroidManifest.xml:37:9-47
53-->src/main/AndroidManifest.xml:37:19-44
54        <activity android:name="com.example.cobarecyccle.RegisterActivity" />
54-->src/main/AndroidManifest.xml:38:9-54
54-->src/main/AndroidManifest.xml:38:19-51
55        <activity android:name="com.example.cobarecyccle.Login" />
55-->src/main/AndroidManifest.xml:39:9-43
55-->src/main/AndroidManifest.xml:39:19-40
56        <activity android:name="com.example.cobarecyccle.Statsindo" />
56-->src/main/AndroidManifest.xml:40:9-47
56-->src/main/AndroidManifest.xml:40:19-44
57        <activity android:name="com.example.cobarecyccle.Main2Activity" />
57-->src/main/AndroidManifest.xml:41:9-51
57-->src/main/AndroidManifest.xml:41:19-48
58        <activity android:name="com.example.cobarecyccle.pencegahan_detail" />
58-->src/main/AndroidManifest.xml:42:9-55
58-->src/main/AndroidManifest.xml:42:19-52
59        <activity android:name="com.example.cobarecyccle.LocalItem" />
59-->src/main/AndroidManifest.xml:43:9-47
59-->src/main/AndroidManifest.xml:43:19-44
60        <activity android:name="com.example.cobarecyccle.MainMenu" />
60-->src/main/AndroidManifest.xml:44:9-46
60-->src/main/AndroidManifest.xml:44:19-43
61        <activity android:name="com.example.cobarecyccle.SplashScreen" >
61-->src/main/AndroidManifest.xml:45:9-51:20
61-->src/main/AndroidManifest.xml:45:19-47
62            <intent-filter>
62-->src/main/AndroidManifest.xml:46:13-50:29
63                <action android:name="android.intent.action.MAIN" />
63-->src/main/AndroidManifest.xml:47:17-69
63-->src/main/AndroidManifest.xml:47:25-66
64
65                <category android:name="android.intent.category.LAUNCHER" />
65-->src/main/AndroidManifest.xml:49:17-77
65-->src/main/AndroidManifest.xml:49:27-74
66            </intent-filter>
67        </activity>
68        <activity android:name="com.example.cobarecyccle.DetailActivityGlobal" />
68-->src/main/AndroidManifest.xml:52:9-58
68-->src/main/AndroidManifest.xml:52:19-55
69        <activity android:name="com.example.cobarecyccle.MainActivity" />
69-->src/main/AndroidManifest.xml:53:9-50
69-->src/main/AndroidManifest.xml:53:19-47
70        <activity
70-->[com.google.firebase:firebase-auth:16.0.5] AndroidManifest.xml:24:9-31:50
71            android:name="com.google.firebase.auth.internal.FederatedSignInActivity"
71-->[com.google.firebase:firebase-auth:16.0.5] AndroidManifest.xml:25:13-85
72            android:excludeFromRecents="true"
72-->[com.google.firebase:firebase-auth:16.0.5] AndroidManifest.xml:26:13-46
73            android:exported="true"
73-->[com.google.firebase:firebase-auth:16.0.5] AndroidManifest.xml:27:13-36
74            android:launchMode="singleTask"
74-->[com.google.firebase:firebase-auth:16.0.5] AndroidManifest.xml:28:13-44
75            android:permission="com.google.firebase.auth.api.gms.permission.LAUNCH_FEDERATED_SIGN_IN"
75-->[com.google.firebase:firebase-auth:16.0.5] AndroidManifest.xml:29:13-102
76            android:theme="@android:style/Theme.Translucent.NoTitleBar" />
76-->[com.google.firebase:firebase-auth:16.0.5] AndroidManifest.xml:30:13-72
77
78        <service
78-->[com.google.firebase:firebase-auth:16.0.5] AndroidManifest.xml:33:9-39:19
79            android:name="com.google.firebase.components.ComponentDiscoveryService"
79-->[com.google.firebase:firebase-auth:16.0.5] AndroidManifest.xml:34:13-84
80            android:exported="false" >
80-->[com.google.firebase:firebase-auth:16.0.5] AndroidManifest.xml:35:13-37
81            <meta-data
81-->[com.google.firebase:firebase-auth:16.0.5] AndroidManifest.xml:36:13-38:85
82                android:name="com.google.firebase.components:com.google.firebase.auth.FirebaseAuthRegistrar"
82-->[com.google.firebase:firebase-auth:16.0.5] AndroidManifest.xml:37:17-109
83                android:value="com.google.firebase.components.ComponentRegistrar" />
83-->[com.google.firebase:firebase-auth:16.0.5] AndroidManifest.xml:38:17-82
84        </service> <!-- Needs to be explicitly declared on P+ -->
85        <uses-library
85-->[com.google.android.gms:play-services-maps:17.0.0] AndroidManifest.xml:33:9-35:40
86            android:name="org.apache.http.legacy"
86-->[com.google.android.gms:play-services-maps:17.0.0] AndroidManifest.xml:34:13-50
87            android:required="false" />
87-->[com.google.android.gms:play-services-maps:17.0.0] AndroidManifest.xml:35:13-37
88
89        <activity
89-->[com.google.android.gms:play-services-base:17.0.0] AndroidManifest.xml:23:9-26:75
90            android:name="com.google.android.gms.common.api.GoogleApiActivity"
90-->[com.google.android.gms:play-services-base:17.0.0] AndroidManifest.xml:24:13-79
91            android:exported="false"
91-->[com.google.android.gms:play-services-base:17.0.0] AndroidManifest.xml:25:13-37
92            android:theme="@android:style/Theme.Translucent.NoTitleBar" />
92-->[com.google.android.gms:play-services-base:17.0.0] AndroidManifest.xml:26:13-72
93
94        <provider
94-->[com.google.firebase:firebase-common:16.0.3] AndroidManifest.xml:10:9-14:39
95            android:name="com.google.firebase.provider.FirebaseInitProvider"
95-->[com.google.firebase:firebase-common:16.0.3] AndroidManifest.xml:11:13-77
96            android:authorities="com.example.cobarecyccle.firebaseinitprovider"
96-->[com.google.firebase:firebase-common:16.0.3] AndroidManifest.xml:12:13-72
97            android:exported="false"
97-->[com.google.firebase:firebase-common:16.0.3] AndroidManifest.xml:13:13-37
98            android:initOrder="100" />
98-->[com.google.firebase:firebase-common:16.0.3] AndroidManifest.xml:14:13-36
99    </application>
100
101</manifest>